500
0 9807 8806 7561 8413 5339 1470 1791 5005 2545 3068 6383 168 3099 8343 6534 
1 2349 6339 2207 7940 2816 4942 8604 5937 5016 5171 477 7762 
2 3963 2514 5244 7 7823 3716 9912 9128 2275 5480 5085 4664 
3 6956 9417 5827 7296 3453 8595 4049 3896 1820 2247 2803 4400 2013 
4 5232 4466 1973 3828 1403 9683 9878 2923 7825 4319 2768 8363 7864 
5 4589 2563 8217 6877 1396 2508 1437 8318 3973 2006 4909 
6 9698 5621 4412 4958 6412 5521 2640 8346 5979 8917 2460 6061 2028 6565 8925 1871 
7 6653 8962 8040 4744 4223 7562 3487 6571 3570 2318 4029 7895 8116 8495 2340 
8 5432 7050 2572 8279 7997 7842 1205 3925 9254 9733 5228 4480 4315 5834 8846 8487 8125 2422 
9 1822 8352 533 448 5977 9424 196 5299 2878 837 1133 3113 4310 
10 2510 6762 2868 8520 5131 1303 5981 5835 2067 4569 8383 8848 
11 4170 3332 3782 7026 4875 5652 7089 889 9745 1699 7750 1728 2662 921 4341 
12 2577 1147 5363 1983 2913 828 1200 8355 4751 4993 9961 8507 
13 2110 1870 459 4448 490 8659 4956 8524 8824 210 463 9842 9129 7732 
14 1114 252 7381 700 7662 6776 1535 2049 7228 7752 6810 
15 5946 7782 7772 8028 602 7829 1021 7844 5451 4135 6651 6267 945 4151 3214 2652 9845 
16 7014 7888 5196 6340 2499 3673 5968 3339 4204 2588 2533 1761 
17 9550 5907 9194 2243 7128 5614 3291 4947 7431 1504 2209 3232 
18 3262 9703 8741 3268 5814 9987 3814 5782 4259 8461 3362 974 9465 819 8332 
19 2782 6461 976 9508 2003 2598 4060 4826 8858 573 5861 6151 4861 4326 3371 925 
20 836 119 4447 3320 5361 1031 3200 8639 6063 158 2623 6924 
21 5126 4772 297 4954 5919 2459 1564 1101 2362 6464 3442 2760 1580 1365 
22 5679 3173 7165 7605 649 4050 1574 8841 4200 5518 3539 811 8109 84 
23 5409 3418 2574 9760 1086 2399 9293 9786 8802 8144 2722 2771 8055 
24 1369 6562 8718 1528 9532 3300 9278 9835 1867 2123 3935 4311 
25 6094 316 2037 3027 8959 3584 3097 6382 9008 107 6908 2182 
26 3457 2143 4990 732 8636 2504 8960 2388 2445 9975 3836 3872 5802 3089 
27 5412 9221 8473 5123 5842 5532 741 1813 8290 4556 5643 7055 8830 4027 4507 3877 
28 8137 8931 2849 1694 7344 4293 7428 6818 699 455 2858 3681 7180 1429 5341 
29 7493 6702 2842 2743 9591 8312 6920 5275 1648 3552 6276 6907 8293 
30 2373 8538 3612 9505 2930 1635 9740 7249 9742 3494 938 8048 9086 
31 4551 5887 8897 7072 774 7710 7563 2750 9676 591 853 9249 2477 307 9780 9669 
32 7890 6374 3498 4471 7664 3705 5903 4985 8174 6361 160 9832 6330 7473 2900 447 
33 7358 2934 4651 179 3438 9870 1737 9631 94 176 8396 4091 9191 8812 
34 4451 1664 2077 500 6485 4513 4176 9930 9630 151 9241 1799 5413 6829 3077 6467 79 
35 5156 221 2882 2835 2684 6950 3185 2454 3657 4635 6993 2741 5866 784 
36 9144 9409 5912 4417 5505 6686 4085 8689 7802 5822 7222 9133 5156 
37 2402 9033 7716 3687 1533 8784 5022 9640 7155 4099 2507 7744 8017 3905 8293 
38 872 8220 5368 4316 6109 1008 8680 9410 799 3857 3535 2074 8644 
39 9446 1953 7980 4726 2205 476 1534 6823 1642 3525 2714 9201 7751 
40 2428 8573 8648 5619 873 966 9459 8481 7638 8185 9806 8209 369 
41 1491 587 9522 4211 1568 523 7220 894 557 8642 2958 7474 2666 1796 454 574 6270 
42 2411 8593 1532 923 6193 3488 2697 3515 3311 2653 7100 2486 9443 6028 7055 3584 
43 8179 7920 5594 4217 8023 5020 3412 1669 298 191 5072 199 4786 3728 
44 8382 1045 7697 6208 1196 6700 7231 5948 9840 5383 6258 7234 
45 4003 3588 8384 2628 1440 3785 2472 4583 2019 1014 4931 9829 9834 732 935 
46 8955 9152 8162 8605 3807 8990 4224 9857 1735 4172 3005 502 
47 9817 3039 3349 3679 2068 7828 8338 1097 5231 8968 
48 8529 9063 2871 2200 5180 4482 3233 498 3211 8095 7230 3021 9273 6470 
49 5399 4214 8192 4297 6587 5195 9662 6904 3843 5890 9605 8131 8994 
50 1162 7764 1558 2419 1545 4488 6639 5912 9180 8223 8687 6029 
51 5920 7043 8941 7992 6573 7485 5151 4877 626 1102 4401 5557 7253 3232 
52 6248 1502 7755 7402 7699 6100 6925 7742 9244 4761 5038 6456 5106 7445 2731 5322 2707 254 110 4619 6938 
53 5147 8549 3356 6363 1666 8168 4627 9715 2657 4456 4834 9655 3003 
54 4765 9836 3461 5440 9535 5885 2206 2892 9711 4566 9623 4242 9214 7144 2762 5349 
55 1919 7855 3299 263 7403 6579 6247 5565 4380 2670 
56 2420 5010 6009 7552 3745 8702 5564 5615 8090 863 4787 4841 6662 9216 3566 5862 
57 9716 8199 3660 1390 6709 2083 4452 6571 4539 
58 8756 6137 2677 6971 469 3809 70 1770 9956 9450 3175 3916 
59 6902 2734 8347 6897 9738 6879 8752 4950 6524 8444 
60 1304 2856 8673 4145 9988 6197 8736 4810 5874 2281 4887 7085 4527 
61 1122 6241 6637 5415 5388 9471 5008 1975 2532 4972 
62 451 1900 8102 7577 3996 1682 5709 3950 366 6727 7125 3676 7097 1550 1904 7240 
63 5988 8953 4788 258 9370 3554 3396 1313 980 4327 2873 2828 4129 6967 
64 5110 5193 560 3217 2712 3161 3672 3854 8127 9651 6417 7709 1238 
65 5135 8582 1574 5078 6144 8813 5853 1546 9274 4541 2301 2430 9964 9911 
66 413 4549 7447 5297 9210 1606 696 6755 6074 623 2890 4418 3074 1763 4377 
67 6299 6168 9960 5561 3548 9768 4309 3182 987 8193 
68 4080 7718 6032 7686 2581 8305 9340 4410 6656 8570 7008 450 8130 
69 6801 2910 8894 9124 3195 7012 8729 386 4303 8276 3002 8684 7085 3964 4174 1918 8134 7456 116 7699 
70 7433 1586 4631 6292 8522 5386 3544 9032 439 6625 116 1119 9019 7556 5417 3648 9990 
71 1643 8887 7729 9917 3228 2298 1894 7131 8208 9330 3282 6073 8578 4679 8722 
72 4869 7135 9020 3357 8603 9270 87 5850 6491 9146 5698 
73 7771 1087 4713 2214 1801 3105 2184 2285 2251 7500 6367 4389 
74 7006 9154 3826 164 5923 478 2118 410 6106 6298 7800 8325 834 8982 6611 
75 7585 9498 6192 4704 6213 4271 3428 7593 4503 6656 1734 291 9678 8722 4463 
76 6003 1431 7292 9954 9736 3120 4918 6450 4379 9470 2038 7221 9848 745 
77 4121 2815 3881 4360 4395 5018 8757 8671 9521 6613 
78 3049 5736 1678 4355 1160 2250 261 2400 2646 2591 3207 2875 
79 1595 2723 4403 6620 2252 2548 6346 740 5302 2057 1140 
80 9722 8169 4654 6710 4227 2083 6289 8271 3166 3212 675 9467 
81 5456 9667 3048 7329 3747 655 7153 804 1954 4081 133 9055 4261 9677 4478 302 7615 5060 3141 7606 
82 1626 9872 9798 4981 5124 4655 5681 142 6550 4626 6322 238 205 
83 5083 3180 3511 72 7067 6615 9548 6952 2390 1018 2231 3722 7078 8491 
84 356 2826 9200 5213 2297 2615 249 9962 1044 283 4832 6931 354 177 2630 6986 
85 7590 1106 9157 2485 1757 5382 1040 296 7443 6210 4350 2032 1625 282 
86 7418 465 7783 9704 2547 5117 3173 9944 2568 5230 2516 1880 3361 2465 
87 1218 4334 9375 8493 2295 6052 5580 9402 7183 2307 4100 8303 7746 7333 9407 
88 9981 1597 5780 6730 5811 156 6850 996 8266 3786 2466 2898 
89 6263 2408 1428 4059 2092 5485 5606 9820 4243 4444 5253 7709 
90 1208 605 4244 8904 7752 3760 9483 7242 6548 4410 9554 8183 4847 5448 
91 8604 8976 5547 3092 3264 3545 9761 8836 4600 1356 1404 4147 7202 2810 9362 6621 447 4909 
92 5932 4971 6035 1199 9700 3181 6551 8772 3573 1232 9265 4180 2904 
93 9604 3278 787 6393 4138 9421 4182 6128 5628 8638 9509 6187 517 
94 7090 369 9705 9687 2112 1379 8401 5709 4165 941 8173 4056 8124 8832 
95 7757 7203 4264 8547 927 7299 4122 5668 2759 8906 7720 6797 3528 
96 2997 1901 1553 7024 5176 2215 426 9785 379 7167 
97 8267 5289 3589 7080 5439 6674 2860 7108 3489 5268 5715 2875 
98 9692 567 5720 6578 4984 6631 876 4523 257 5174 7750 85 2864 1731 447 
99 8541 59 1080 8104 7114 4330 8693 5639 9560 4741 8317 6185 6196 
100 2212 1498 4280 287 2746 8547 3868 3445 6125 886 9500 7882 4501 34 4985 2615 
101 7276 3276 2604 4740 9681 6231 724 351 73 4025 1952 8666 8307 3106 
102 3516 2647 4871 9857 6286 3755 5376 4679 8074 4058 4932 3184 3111 
103 9787 7234 241 969 3932 9598 2605 7574 8550 2780 1411 106 9031 3936 
104 940 8158 7487 9530 8939 4438 3522 9266 3909 6537 2998 1025 
105 122 1829 7240 5938 786 7586 3290 309 4933 4957 9312 4902 9225 7670 2537 9075 
106 1357 7079 3303 2582 8111 1193 1767 8818 5626 5152 395 3343 1668 6635 
107 6272 1831 3838 6304 3940 2961 8891 2977 9606 8919 999 
108 540 6126 529 2241 3459 5006 5256 3206 7531 5704 3819 
109 4538 6713 716 7002 5663 7925 6606 1461 3718 2735 188 
110 9513 9411 86 2609 3490 1541 6885 9179 5584 462 1775 3261 
111 7481 8019 4991 3437 5436 5458 738 9449 4474 5675 2422 8078 3475 5963 4079 3936 
112 4952 9389 7621 8932 6331 2331 4872 1722 4823 1076 2176 
113 4102 6854 6459 3464 7921 5121 9828 5049 5680 1071 6251 1125 3316 
114 4722 3829 3887 8167 6586 9616 9980 1838 3937 8370 79 8696 5583 
115 9343 1386 2218 1818 6368 4265 5951 8146 6243 5996 1204 7736 
116 9746 9210 6822 2667 7898 6034 8145 3565 6593 4350 1134 1750 
117 9949 3024 6516 9797 6789 1046 7286 9680 5777 2013 7120 
118 9494 3031 3894 1479 2318 7988 4840 3058 7154 6643 6585 3738 5647 7896 5387 1216 9086 3004 
119 604 4873 4274 5466 1024 848 8237 2255 7138 4814 
120 2706 9065 4112 3184 6369 9335 2769 2410 305 1310 2443 4130 9834 
121 4285 178 920 5247 4720 49 1844 7417 8750 9192 5149 4923 1984 
122 9912 5708 6560 5318 7912 4633 5245 2932 4311 668 468 7501 4800 1514 9877 7156 4314 4098 6470 
123 5829 4526 1593 1350 7133 9702 6578 5929 2988 5291 2857 3158 7158 300 5788 6306 
124 1933 6033 2504 7157 3981 1711 6896 8725 8951 1259 5564 3652 8431 4824 
125 5662 8154 8674 8588 6900 9187 498 331 770 1224 2889 3942 
126 1579 4220 3364 688 501 4780 366 4867 4941 2165 520 552 7341 7161 3621 
127 6832 3993 5973 6376 6096 466 9073 2517 859 278 5138 882 
128 3137 960 8977 1223 9189 2607 3631 9081 6954 827 1850 118 6262 6619 4909 
129 8233 965 1988 385 4250 5712 2539 5073 4753 6614 5009 7570 9404 1383 
130 2135 1468 6936 6978 6949 353 487 5316 292 713 8410 2639 237 4901 8125 
131 4573 6155 9989 4945 4450 1974 4226 9679 9875 6724 2329 3153 7122 7795 9852 
132 3972 4087 1911 6537 8827 8724 5538 4159 7701 9213 2053 9897 259 3316 
133 5608 9576 1896 4672 7892 4835 8190 4956 1261 5461 2486 2150 5752 5359 8062 8193 
134 7513 7639 3481 3528 3343 2635 98 4461 8760 6017 8704 7204 
135 5664 9861 9461 308 4685 5588 4566 3653 7624 83 1695 2624 417 6499 
136 7466 1721 8515 4777 68 4114 6804 2824 1455 1846 7919 
137 4880 3136 4008 8253 6194 4714 9049 5367 4205 7039 
138 8056 8710 7444 9648 2488 3810 364 2142 4915 7550 1650 
139 4470 8609 616 5748 3557 3448 6062 2316 1632 5618 1968 8501 
140 1907 7792 5877 4562 9647 6645 7763 3867 3664 4399 
141 7069 1186 5267 5126 9321 9910 7187 7667 5396 7464 2884 8498 
142 2736 9891 7201 7472 6089 7408 4195 5459 1156 6387 9170 4614 9199 
143 6090 3695 2431 8335 8476 2678 1557 2098 9097 1154 4061 7179 1465 5099 7575 
144 4328 7461 846 6563 6982 8094 8449 2555 4116 270 
145 2584 6909 6750 3411 4099 5028 558 6961 3044 9714 2569 7507 9952 3015 4647 6465 
146 9110 4019 5846 4738 7509 6392 1138 9766 3794 6355 2774 3012 
147 1042 6113 4594 891 782 9222 5605 9207 2300 6396 7146 820 6744 3675 9968 
148 2556 3054 4731 6518 5002 6638 2130 4472 4053 4829 4717 1383 2240 8470 
149 8358 4407 7631 9710 6329 6577 4966 4803 3060 6592 7547 1077 1324 284 6523 5014 4385 5507 
150 8910 8025 2515 2370 5401 3045 5486 5721 1876 9860 7874 5450 
151 6561 3672 3482 7540 2908 5558 3618 1266 1999 7960 8193 
152 4347 7379 1258 8845 1912 3026 7877 5744 5660 903 1191 3537 
153 5761 2334 7854 8426 3907 2626 9831 7001 367 8425 6435 7946 
154 3799 4312 9795 5403 5347 2965 8433 1663 3158 9567 6091 6257 4941 5762 2414 
155 317 1698 1671 2364 7580 281 6764 4093 7517 2415 3144 
156 5498 1909 5280 1493 4144 2023 9774 8092 9418 569 3066 4855 
157 5204 2656 962 3201 92 1355 5878 6786 6413 
158 8215 854 6868 6864 7759 1986 674 7377 1049 3534 3677 
159 3739 145 1756 871 4275 8320 8630 7656 2963 2355 9112 1625 5784 
160 7916 7963 8780 6634 729 6504 3521 5045 6875 4119 8901 9367 6611 
161 7367 914 1732 3615 2190 1195 7682 1056 9562 2717 7924 114 3259 668 5063 
162 6689 3600 472 272 7398 8587 4378 2979 2748 2031 7 
163 7309 8057 5059 7711 6688 7173 2869 2149 9408 9398 1299 5997 9075 7949 
164 4270 5465 6527 7163 6680 3108 3613 7704 8050 3326 5389 7932 8862 1871 6281 1145 3885 
165 3998 1417 4206 8688 9693 6784 3472 3478 9583 1363 5122 
166 3926 3033 5828 3383 3338 687 6346 6754 8959 5999 1990 9015 4801 1557 
167 4588 9537 38 3880 777 382 480 684 4017 6359 125 
168 6609 1548 6567 6254 7087 2953 1576 2437 7541 161 9671 6905 8395 6270 
169 3198 5186 6882 8868 6887 2676 4006 5044 1868 6841 647 3023 
170 3089 6337 5691 3486 8272 9707 260 2752 5965 4862 7471 7786 
171 4622 3374 8730 7231 1617 2442 4791 9789 6861 1341 3289 6092 9501 7652 5194 
172 2004 6002 2299 6364 8992 1392 5007 3012 6697 9884 910 
173 4354 9858 791 7953 4266 4597 9843 6627 7926 9824 7071 1870 7126 6920 
174 9621 3980 5261 6293 3216 7745 1525 7480 6629 
175 9369 4895 6409 8103 885 3536 3439 4370 9479 9970 3726 
176 3990 809 5961 127 5945 4764 4808 7520 5133 6296 2193 4901 8910 
177 6629 4359 4638 8829 400 7827 4140 510 5001 8248 4437 
178 89 3209 2693 4975 1869 8080 1960 8133 8834 3645 277 6145 8498 
179 350 2089 3691 5015 1696 6598 2937 6510 6595 9865 
180 7859 7287 6886 5331 6416 137 7891 8171 2586 3075 6621 6129 650 7219 
181 1760 6735 3904 2288 9348 2710 9726 8676 9637 8107 3492 9649 2444 2692 8462 
182 795 6358 1927 4487 2643 8263 7334 1741 719 2863 611 4301 9825 6460 6503 9688 4531 
183 1043 7587 204 2 2625 9484 3820 5851 7843 7739 755 4107 
184 3733 8947 4284 2096 6366 7902 7225 8021 4907 470 8999 1907 1276 8874 
185 9514 2519 6609 9196 3745 7571 445 3782 1644 5813 2818 
186 5119 5796 8617 7394 4708 857 1587 6552 4974 8324 6349 4886 7883 
187 3011 6658 6798 7905 9661 6616 7689 2505 1381 8230 6161 9006 3910 625 
188 4362 1127 139 8714 66 5030 6386 9444 2116 6552 7680 7023 1161 9790 7110 6280 3074 3783 
189 6334 6591 4276 4781 9345 4253 1371 185 315 6326 3704 
190 9228 8200 5309 3269 4141 6703 2236 7489 2246 7022 2249 5085 
191 3666 8755 5644 5651 192 9023 9188 2223 4155 6439 7864 8187 2543 9197 
192 9186 9661 4980 2119 771 9161 7544 5134 2242 1515 1750 3285 
193 3766 7454 4255 3035 9068 9445 9170 6682 9077 6687 4624 6486 
194 8008 5854 7322 7944 9556 9153 314 2579 6641 4257 9842 
195 1552 6509 4070 1104 2904 6227 4858 8402 4996 3436 8968 3323 9777 9656 5526 9615 
196 6678 7326 6201 653 4722 4015 938 5579 4320 6699 2158 
197 2015 1278 7622 6912 736 1353 4690 1092 2540 9585 9380 6467 6978 
198 7409 6224 3109 7627 3425 4305 9527 562 184 778 1067 3072 
199 7526 9140 3627 4018 6186 8640 6443 9416 1573 1375 
200 7666 7524 6875 3100 362 2291 9903 5951 5350 4239 8942 2191 6321 420 183 7791 
201 3378 8235 2141 5057 7686 7602 4332 2611 2081 1473 9580 4533 6053 6044 
202 1193 2423 519 7812 5313 9759 9519 3850 7218 2233 3504 6584 6021 
203 5018 9771 7933 1150 9279 7419 2562 8268 8430 4278 3334 1064 2660 8580 8562 3376 
204 4846 2062 9895 8446 6051 7841 7546 8299 5217 8053 6020 1705 5326 
205 4693 4830 1712 3479 1035 5327 8751 9493 1338 2680 4431 5848 
206 7217 4210 5391 3080 7560 2213 1893 1989 4520 5774 8494 2914 8005 1534 
207 2668 434 7674 7527 2740 4564 3800 8093 4177 3716 4035 1647 8121 9573 
208 7929 1590 2827 1343 9158 5411 906 1327 2022 8453 1210 4701 3101 
209 1418 4936 341 318 6707 469 8202 4979 7547 3012 4176 
210 9412 2503 3410 3842 7618 2375 8542 9668 2349 4637 6749 7592 5304 1476 1611 3877 
211 2841 9247 9752 9116 8881 9041 4680 2781 8284 1501 2129 3777 5649 8140 132 3061 6054 
212 6860 296 3175 1977 6479 9925 3372 9248 3862 1178 7671 394 9510 9615 3395 
213 1784 4756 9238 2104 2235 1286 4723 5638 3118 3019 6169 5884 5270 
214 2055 1111 3608 6494 3955 3040 8571 7648 6646 8985 7788 
215 7907 6411 9579 5953 3038 3975 5179 5187 896 7660 6639 5358 7285 
216 9098 2245 9318 8438 5685 455 5649 383 8847 7038 8671 5446 
217 3729 7266 1302 3847 797 6120 4490 9209 8616 6652 6049 
218 7768 9050 4090 8733 3951 3129 6913 7464 4967 6708 5061 8265 8069 9007 
219 2948 1126 4192 7790 598 4636 412 4273 1594 8504 2183 9283 5677 2189 476 8267 4528 
220 6013 3641 8960 1401 3750 769 9142 7342 1921 8670 4548 3163 
221 6415 9663 5454 3626 3128 180 2045 635 3849 3102 
222 7909 9172 8601 343 5841 6142 2853 2694 8939 7359 4420 2072 2480 8134 
223 6733 8205 8807 6391 8798 9969 403 2167 3297 9458 4735 3237 1719 9545 
224 6077 6107 5764 9511 7617 4322 7813 8720 1059 9614 5548 5445 9453 
225 6693 4368 140 5433 9891 3878 3922 8629 6673 9027 5033 1027 1644 2100 
226 6757 1347 1577 3759 6124 6172 4238 9038 850 2264 
227 8484 1560 4077 8859 3801 6294 207 8092 4412 2068 1566 1255 8304 8225 7140 5088 4824 3602 
228 8027 8429 6151 4489 4349 8323 8479 7098 3634 9466 6195 2938 8883 647 
229 8450 425 2244 1562 9666 9377 1828 9364 9956 8685 9646 4483 1057 5402 2199 4372 5266 
230 3956 265 5206 7522 4964 4561 642 7396 169 8975 6517 1265 2232 949 4423 2439 
231 9440 102 2699 6398 8728 5693 3887 1329 7270 1406 5543 9082 9888 9826 4782 6538 
232 6320 5526 4460 8564 3433 1078 6981 6312 773 8160 3186 6576 5821 
233 2454 7817 581 4187 4638 3235 115 5353 9838 3807 
234 9384 4421 8082 3700 5700 6005 4477 5943 415 3666 5203 9758 5604 5099 8685 3586 
235 2185 3301 8532 3948 5583 8255 5931 6122 9816 3817 2550 6894 
236 8353 9456 8972 8608 7649 9243 6522 1754 7806 8491 3006 
237 2384 4563 8521 1017 9325 8037 6422 441 1857 3603 4020 2847 753 
238 3764 5190 1497 752 7247 1132 8227 7473 57 3571 5348 7387 5429 6082 1265 4004 
239 843 9873 9909 9302 334 4984 5392 5129 2012 4031 3920 6211 2518 
240 9115 4199 7575 7088 2034 5042 3827 2776 5192 9237 3890 939 239 3971 9997 2182 
241 5986 4612 55 3715 3420 52 2113 3117 1011 1905 6604 796 1116 6301 
242 7808 9304 6223 1032 6056 9627 8133 5522 365 2631 4919 8585 1554 
243 1890 703 7754 65 4183 6378 1003 9275 890 2761 9684 4277 
244 7359 5878 568 2718 7215 2220 4139 1524 6244 7525 
245 1609 1944 3293 489 7771 9788 3400 7434 8362 5082 5243 2753 2716 3933 3758 7968 
246 1849 7051 4465 1654 1415 2492 599 1691 8918 7537 
247 9340 9871 6452 7414 1565 3392 9735 62 3192 2412 227 8830 
248 7257 203 237 8898 315 6405 330 5447 4282 3547 3721 6067 952 
249 3902 6354 3277 2069 9303 666 7389 3151 3886 7498 7696 742 
250 3172 3867 6511 3441 8833 2956 7897 4185 3018 8867 5188 1149 
251 4608 1065 3543 6649 4373 4593 3085 1370 3313 7955 7545 4326 76 
252 9128 7160 3977 1457 9080 2020 2536 8844 4200 5530 2345 1058 2732 7296 
253 6309 6300 1848 528 8934 7756 1667 986 3468 780 8011 4795 8633 3203 5129 2986 
254 9253 7977 399 632 9166 6682 4737 90 8390 3561 9617 8442 3433 6082 
255 3563 8570 6654 1041 1934 7059 6425 1776 7626 6714 2658 3270 9995 325 8105 
256 5572 5410 5849 3399 840 7791 9830 8152 5012 7090 7933 7232 3999 3380 
257 1163 4898 2163 1242 7315 345 6977 5404 6055 8252 1413 5054 6029 
258 6164 5589 7453 3985 1790 4215 7774 408 3895 2030 3095 3229 7922 450 
259 3315 7608 1991 5286 1879 1527 8796 6206 1273 5507 
260 9793 5450 6458 1053 5893 2002 6202 5460 8371 6485 7356 88 7157 8528 3586 
261 6607 2704 3737 4400 8913 4968 1102 7152 4793 4687 8716 951 8406 7266 
262 9200 5824 2340 4267 8566 7894 8466 2363 7881 5794 6180 4404 3235 3232 
263 2962 7779 3244 6647 1823 9197 869 3034 3671 8468 9957 8236 1079 166 8221 3491 
264 2270 2189 9472 8239 7730 7355 7703 5158 6242 5469 550 
265 1399 3131 3757 735 7311 4424 8503 9935 6918 1697 2643 1956 
266 2927 9428 8291 3224 7594 9542 8460 2578 4066 9403 2278 6230 5775 8531 
267 141 3414 100 7654 5971 1496 8111 4793 3398 1807 9022 1247 205 1812 7153 
268 8740 3199 5816 730 7528 1530 406 6989 2541 5240 1423 1658 
269 7198 9737 9517 9811 8770 5913 5960 7042 7761 8285 9457 4340 
270 7884 2389 5661 53 4069 2766 3947 571 3760 4323 9317 9518 
271 9543 4900 2966 6746 3354 1339 3582 5086 7308 3637 3523 5672 276 3006 3146 
272 352 6489 8708 9654 2856 2789 3356 3435 236 589 4935 2159 2380 8445 
273 5064 9114 6297 6820 2642 3859 4656 1938 9727 1710 
274 4837 3908 831 2758 5569 6239 4697 6192 4864 7297 3004 
275 4827 98 3043 4727 8514 5798 7208 9406 9898 2468 3952 5248 8598 2198 1934 
276 8530 5019 5763 5011 8486 9937 7724 5933 6444 9414 148 2358 7413 1134 
277 2450 2845 5373 5079 4625 2105 686 9051 1348 3144 9517 2164 5895 7457 3521 
278 5703 9750 898 7789 2558 5792 7491 7249 5957 1055 9242 3706 3758 9453 
279 2694 8545 2627 7868 8393 763 3953 8091 7553 2005 7289 5412 
280 7105 2372 6930 4023 3023 7313 5426 6942 9232 772 5239 
281 5810 991 6038 5181 7553 7875 4436 2267 5820 5425 6118 4036 5921 
282 7821 3387 3837 5097 8529 8166 6317 5773 6287 9588 4071 2121 6898 9930 
283 4356 4120 1358 9298 610 8188 159 3852 912 2346 955 5625 1753 8619 6018 
284 1897 6962 7314 4345 6465 7077 8576 1809 7740 4254 4043 1136 3283 8534 8654 6889 9600 
285 7262 1248 8112 6572 7653 8042 6105 54 5237 6626 2066 1471 420 
286 8775 8068 9487 1781 9624 3796 9383 8020 96 5900 4210 4206 1878 5899 7423 6672 2240 5762 
287 4432 5766 9972 2416 1713 5039 1051 3500 6661 2754 7318 9852 5245 7438 
288 9414 3855 5772 4750 5876 1499 411 1335 7237 7117 8398 95 9230 
289 3405 7576 2795 5942 2040 6619 5455 9504 3624 3267 5872 3533 8495 
290 6599 8435 7285 4124 6431 3804 4759 391 4245 9276 5767 7994 8920 2327 
291 4249 6098 7942 2544 2389 2304 4937 9045 8026 9056 2791 2726 8602 503 3427 
292 5870 9994 6556 5707 9804 5369 578 2127 9792 676 2840 
293 7559 8379 6424 129 6191 5927 7645 5251 4531 3313 5847 6575 2005 
294 6540 5257 4342 6712 5964 3808 3941 2489 9153 5691 6826 6175 577 8839 5917 
295 421 8066 368 1143 2131 7036 3911 7184 3390 2673 5869 2128 
296 5448 4484 7096 3178 8312 2192 7040 8319 2253 1272 6112 6209 5050 9176 2538 3708 6538 
297 1930 9173 8505 4106 1620 6041 5904 8411 21 4876 4391 340 
298 4889 7415 3248 5139 8269 2793 4475 3265 9216 4117 6445 1763 
299 6637 8437 995 9441 1099 7723 838 5096 2526 101 6980 7519 1668 
300 4934 6022 4691 1964 2384 5683 8250 2210 4962 2332 4330 4905 
301 971 2153 2161 9818 7798 595 9434 2989 3546 9931 3723 
302 4212 1315 8799 7021 6037 6870 7308 323 6351 710 2337 8130 9834 
303 9455 7762 5529 1670 8434 8340 2915 7267 6496 8273 5610 4719 8863 3949 2768 9244 4377 
304 6745 9285 55 13 7876 5470 6235 5603 8345 2071 652 9141 6139 847 5175 
305 6635 8837 9478 9645 5208 6315 464 5622 5723 8404 6923 6390 
306 4329 3754 1069 1380 7037 8004 194 7562 6748 6202 7176 7699 1289 
307 9481 4543 172 5294 165 9755 6493 6406 9349 5464 9966 707 7698 2943 7438 8284 
308 1714 6526 6188 6736 8331 8771 3103 6385 1755 4508 681 4908 862 8663 
309 9590 5011 5423 8789 1727 2952 4097 1105 4354 2987 7997 5492 
310 4442 2319 2401 154 3769 1815 7054 6042 1414 6031 5017 3309 4855 3316 
311 8677 8711 7066 695 8357 6458 2570 9548 6863 1336 5128 7770 8467 3919 3319 2290 
312 4718 3231 6014 5320 6336 6695 7937 586 6027 3992 6800 9712 
313 1622 4051 8462 8483 895 4911 6922 1761 2397 728 1244 5183 7486 2962 
314 7339 30 2721 3669 4892 5092 9307 9495 7837 6477 8770 2867 6030 443 
315 6666 9524 3959 174 7797 7326 1725 8597 9375 4860 2732 6296 
316 8067 5587 603 1318 9704 1518 5941 3279 3271 4983 8920 
317 1321 9474 5737 5875 6480 3127 8940 60 7363 7566 6238 4923 2917 1731 
318 2168 7657 2983 5388 549 4688 5487 6590 2480 1978 6821 8569 9089 
319 7573 9159 8864 1858 1238 1036 8594 2315 220 310 806 5001 6512 8961 1334 200 
320 7816 5159 189 851 8557 305 6793 1425 9347 2881 7713 139 
321 7647 2063 2484 5394 7661 4479 9376 2115 1036 379 2265 6226 979 3077 
322 3815 979 4453 1023 6801 2616 1694 4543 4300 8100 8885 3095 5848 
323 9676 2101 5111 4747 3607 5987 9724 1146 5346 2007 3147 76 9659 9160 
324 8635 3274 9211 40 5976 2345 7494 9531 9613 1389 1917 
325 1475 4256 1779 5258 7340 899 9757 2179 3302 4944 1385 1091 6071 4352 1289 
326 3094 5623 8952 6997 2310 4510 6060 4778 8812 6857 4041 5325 3835 374 75 6258 
327 9372 2675 9145 4850 4884 1253 8422 9156 2029 9951 1798 8539 9281 1125 2972 9979 5340 105 5445 
328 629 9499 6397 9551 1859 4955 2145 4296 6136 566 3892 
329 1753 2029 9145 5375 2302 2195 9536 8606 5491 2564 2910 8259 8005 
330 2978 6770 839 2000 9454 2629 8735 3298 9103 2293 4646 5397 
331 9262 6771 8614 2155 6498 7809 4767 1655 4089 7191 1584 8368 908 9164 5962 9299 8284 
332 9013 1523 4335 7210 8394 2757 1024 9474 9978 8559 8044 311 4341 6030 
333 390 1206 9804 1772 8122 2439 750 5363 8321 4687 661 193 3841 2491 2407 1117 
334 4288 3699 3156 2211 8234 6020 2282 3194 7833 1916 7175 1284 3885 9940 
335 2691 5169 8135 7254 91 5384 2065 4530 6434 9828 8298 5758 8900 5219 
336 2833 1752 3373 1832 7719 2644 751 8218 7137 9665 8625 9269 1608 
337 3177 380 4806 3424 8872 722 3771 8786 575 3541 
338 3408 8997 9717 3381 1433 375 7465 2935 4982 9261 8782 1710 
339 8988 3699 6781 5112 9688 7887 9360 930 5864 4142 4517 9337 7044 2052 6827 1058 
340 6433 2479 8774 7581 5843 8888 7917 881 8149 3889 6149 901 2630 5862 
341 464 7972 2027 5661 4770 8226 7104 1717 9984 4670 9667 583 6407 8663 9545 
342 465 2686 8356 1567 3532 2674 2306 5481 841 7910 5898 8136 
343 6824 8201 5781 5670 7143 8691 6482 9884 6310 3879 6466 2146 1774 3163 
344 8896 6574 7518 5170 9301 5381 188 1716 7338 7796 5886 6327 2125 3944 
345 446 5677 5574 5805 5546 4736 2239 812 7999 6217 5300 2951 3051 1305 
346 7567 1203 5724 4605 1010 3189 3720 4669 4087 6370 4618 7291 4457 2114 
347 3870 6079 3388 9876 5976 4506 631 8372 3256 6842 6518 3597 1454 
348 3818 2834 7851 6177 2465 6273 452 888 81 1509 5293 4749 2790 
349 5511 3701 2114 303 7354 511 7403 683 6780 9905 3 4287 2566 5771 3111 
350 4334 3397 321 3780 1626 4398 6521 3978 5789 2483 3456 4532 8470 1149 
351 5377 8405 8662 5869 4968 393 9415 8292 9927 3064 6478 6743 427 5307 
352 2327 9022 7869 7965 7598 6534 9827 3959 6903 9284 2877 5118 6490 9955 5788 
353 6277 109 3697 4628 6758 3191 748 7298 6399 6143 3088 
354 4677 9936 392 9990 5955 756 1925 5756 5163 3883 9400 1976 5382 6945 
355 5255 5298 977 6051 9883 1692 4922 4225 6150 6010 7790 
356 3274 4997 3162 9708 6893 9070 7784 3001 1451 8907 5911 7285 
357 5284 5941 4788 8908 1391 6628 7016 8817 2796 8443 1889 4965 
358 6076 7981 3805 9218 8569 5755 7354 720 5634 9054 3065 
359 8482 4483 6430 2839 7732 8034 1219 2708 6432 6986 8612 
360 2073 2999 6382 351 9819 9718 5925 5803 674 8661 4739 1113 2784 
361 6878 4579 2085 4576 9963 6086 8389 7070 5503 5659 1085 8470 
362 6946 947 7430 547 2317 2664 7095 2381 758 4104 
363 8376 4127 5035 9234 1128 2825 9894 1718 8672 1121 
364 8310 9477 824 1373 6462 4724 7692 3447 4743 905 1157 790 9160 
365 1920 4045 8675 8828 8927 2172 5263 9356 6547 3152 6132 5678 935 
366 475 5597 9904 8922 6856 8219 3484 9986 2764 8732 8647 4415 5295 6815 5775 46 
367 6413 3639 1108 6371 8713 6179 1294 8971 8170 709 2260 
368 3345 3404 8182 4299 324 2969 9552 245 3351 7977 6216 
369 6215 2550 8641 3530 5800 546 913 8826 2665 1724 376 4107 
370 1481 7945 3971 4162 3832 6438 4560 7195 1152 3416 1571 
371 1881 7934 2058 6167 3242 3704 3020 6814 6568 1023 5067 5260 4286 2288 
372 7616 2777 3219 2559 7112 9976 9688 7840 1297 7607 2447 9292 5292 4786 
373 4836 7998 8963 6001 5855 7174 6969 5414 6342 1243 5992 9129 
374 1344 2885 3341 6914 3148 8540 6130 2084 2197 3513 1231 3776 1773 
375 1956 506 5868 9781 8665 4837 5219 703 8010 7214 6099 7683 2583 7429 8994 
376 6597 3710 4046 9859 5483 2749 9691 9007 438 3830 3659 7700 9846 7694 
377 235 6085 2458 4307 636 50 4593 1172 1295 6683 8599 8814 
378 8630 845 1792 2925 3067 1963 8905 2755 8909 2286 
379 4068 6234 8808 5142 4317 6471 1892 9300 8967 7003 2369 5797 2426 6134 
380 2134 4497 518 3973 1387 5463 6410 7900 5427 2203 4999 6650 7072 9138 
381 4302 3520 678 3983 1955 3090 4277 4115 5688 1439 9973 3458 5360 8512 
382 9043 3069 8893 6487 855 3767 2618 6892 9363 1084 2059 2804 3379 1105 
383 7554 2148 3860 6855 1296 5290 4340 738 6539 4555 372 7455 127 2679 4558 
384 8746 6970 8264 7911 131 4644 7347 5182 1941 8956 2493 3028 4346 
385 9841 5676 9224 8948 1570 9675 8607 4796 7728 2905 9735 1630 130 2095 6677 3602 
386 6101 8222 2463 153 2633 4815 8457 531 9599 6717 4095 2892 2234 6778 
387 1082 3132 5365 9773 5595 8334 7196 7226 8212 7629 5003 9903 
388 8360 2540 3667 4408 2936 4519 9612 5398 7807 761 
389 3789 3610 2524 8406 6835 6836 9390 8813 7693 6131 2351 4237 6759 654 
390 4181 8800 4769 8392 6174 4705 8120 542 2132 2832 554 6285 
391 4152 1517 6508 4595 3930 2794 9881 1961 7380 4610 
392 3496 4000 3296 1316 8440 2419 8916 3575 5812 2002 8910 
393 4383 5107 4572 8286 5114 7261 8118 5750 1174 3344 3961 7736 
394 8739 3806 7121 3325 4251 3420 7223 9682 6104 9607 5838 1454 
395 4522 3656 2271 1877 4476 948 1981 7081 3778 2702 1382 6737 1353 2 
396 2009 8996 6553 5795 3551 815 5370 4234 7019 4154 1287 
397 7913 6720 2606 6713 6201 1376 3327 6345 6545 7049 
398 7990 5355 673 5703 6085 1104 4757 8849 6146 919 4602 5457 4886 8723 
399 745 6760 3592 1805 3597 9606 6807 8228 5808 3122 8147 3037 8375 9374 
400 6669 7141 8274 6692 5642 61 1177 4577 2954 5731 5216 3875 5220 4689 4658 9720 4527 4765 
401 5902 2995 6388 8418 1652 8790 6457 9480 9743 6557 6605 3164 3174 2707 
402 6119 659 2580 7009 4 9121 4440 998 6133 8748 6584 
403 9782 9658 5082 6265 3434 7429 8346 6364 1967 3025 9934 925 7413 
404 9208 5312 4498 8033 6973 4917 8177 6065 6668 4406 3783 6530 3240 208 
405 5694 2433 1519 8388 5326 3415 3170 5046 4392 4521 7759 
406 3126 3375 6873 9996 9225 5317 5836 20 1275 5251 1149 
407 6093 4047 5513 4927 4672 5468 8979 4108 2854 6581 7708 
408 5378 1774 1924 3618 2880 1616 6533 8432 6324 3562 8344 4199 
409 3825 3417 338 23 273 8731 8664 7969 9806 9533 7117 9936 4418 3032 8043 
410 513 5733 1235 1256 2924 6503 4062 1825 8820 4153 2266 8105 2413 7987 
411 6348 1834 1484 271 2872 3297 1201 3797 4001 6602 8155 7459 9684 2870 5767 
412 4435 8658 7856 5500 2952 9566 3895 9341 6588 3945 5332 4903 4439 9004 5860 
413 4684 1006 7824 6075 3958 976 1979 5143 3419 7966 3871 6139 4812 1368 7610 7820 
414 2729 2066 110 7964 6947 2589 9047 5184 6739 9602 4591 4682 8749 7123 6799 3106 9608 2554 4698 5783 4134 2685 6054 
415 5656 7346 1202 3225 5044 7327 4607 3192 4805 6072 9036 1680 6141 
416 3982 8157 5453 9314 7613 3690 1992 243 9024 852 4353 4921 1646 
417 5476 8660 167 2901 1601 783 124 3347 8458 9683 9436 
418 9352 9974 7781 8618 4042 2742 9017 2038 2750 1749 612 108 6618 7133 
419 6612 3333 4013 8195 9628 1840 2335 1845 4082 9039 4821 2972 3249 6021 7949 
420 7028 1878 2590 7151 4766 714 9920 5624 8328 8260 2177 7304 8519 8831 
421 1508 2379 3427 1948 1318 2819 8386 3795 9901 3474 4673 6256 5572 4893 1083 7349 9139 4314 
422 2705 5359 680 5537 3763 4572 4870 4203 7641 3286 9366 4773 9847 1343 3830 1979 
423 4928 1288 3096 9141 6544 9332 9779 1645 3742 5296 6473 6153 2767 1061 
424 7280 8184 7810 47 7893 4248 9092 8656 507 457 2175 7883 
425 3465 3171 2655 3743 715 3133 3901 2549 7872 2043 5799 
426 3466 551 6926 3239 8308 8009 6116 42 6792 5525 5915 7852 
427 8079 7356 4462 5225 7448 5259 7672 7118 3421 877 1430 
428 3614 3616 7150 1292 3979 3923 4678 7591 7302 4191 1510 8343 9652 776 3032 
429 8809 7142 7555 4913 7268 5722 2949 6280 7702 6528 7436 9534 7521 8922 3073 5307 6141 
430 5598 33 6549 8202 3401 3369 1300 4321 7244 
431 2846 2308 9379 3086 6097 5162 5809 7804 9425 953 7688 3574 3050 
432 9622 7847 1743 3773 7416 720 8738 4940 3623 8022 1752 3982 
433 4553 5103 4039 8853 2756 458 9150 8428 6023 5973 9139 2773 
434 4668 6729 9709 456 5705 8180 6660 3307 8049 1094 8737 9695 5014 6454 
435 8463 849 725 8001 4178 9326 4615 3696 35 9965 2128 
436 6250 3119 1794 1130 7107 6203 2181 6768 1030 5692 9091 5301 4021 2527 5053 9731 208 199 
437 190 6704 5026 524 2329 6702 9424 6574 21 1426 1054 1117 155 
438 7536 3473 2922 453 9886 2112 36 6025 9010 5246 9540 6778 
439 3863 7597 4730 2490 482 5554 4512 7589 5104 7935 4536 250 6236 
440 7053 523 6160 2984 4073 5342 2409 1002 8712 8895 1690 3736 6011 
441 592 4897 6837 8621 9546 5575 8007 3707 9763 9463 4798 
442 5743 8978 8461 1476 2920 2985 384 4123 5905 9104 9206 2511 5873 1950 6547 
443 9220 7490 4580 3813 527 1320 9810 9223 6255 5995 3365 7956 5462 8043 
444 2154 261 3083 2024 7640 9822 198 3792 2166 2906 9943 6148 2171 5713 
445 3252 5752 2800 2738 7301 9328 6066 4973 5354 2097 8431 2383 
446 3076 9371 2225 4389 6005 7336 8686 3753 9260 1323 1826 2522 9821 4891 6313 5909 7733 8832 
447 5499 6542 7650 8077 7743 5668 6253 8681 4365 6636 3680 2060 183 
448 4785 7307 7569 7349 779 759 2861 9862 7797 6831 1188 4529 8582 
449 8164 1855 5727 9601 8366 5199 7458 3495 1107 2258 112 9464 
450 865 3370 7991 3646 6608 1958 5671 4943 1280 4161 9 3596 
451 9046 723 9740 2769 8350 3914 3508 4645 9947 8018 1572 2765 4173 7889 8716 9178 
452 360 9855 1797 7350 1340 9485 6884 2829 1310 3236 2435 9442 4660 2902 5917 
453 5416 3065 2947 8054 7381 5510 8967 6554 5000 8280 4567 8574 3728 4294 1121 5341 
454 7492 9064 1264 320 7721 1888 143 8697 4376 6049 
455 5943 7484 6070 7584 5730 4247 7188 3943 1998 9130 5043 2260 
456 5928 1946 9306 4491 7950 9365 1600 1758 6400 1526 760 5896 
457 6046 1077 7659 2180 7819 4725 4738 3412 10 8436 2980 3022 3243 
458 9361 2111 2817 8548 8038 1735 6976 2287 2595 3752 5437 872 9299 
459 4040 7899 1326 1007 4578 4382 4172 3123 1459 6281 9241 8451 279 6982 4728 
460 2126 1651 9149 8 3183 7651 9893 7604 7273 6000 7426 
461 5415 3694 9728 9005 8367 3295 3292 946 424 8508 2404 6500 8880 
462 8653 2941 2569 8715 2561 9433 6327 6741 3221 370 856 3363 6134 
463 982 8822 6731 7568 1915 2599 1029 3697 6613 3793 9529 1795 4784 3103 9848 
464 2202 8191 1657 972 7542 2967 1052 9014 7374 3917 7543 9573 
465 7227 2719 7565 9699 1269 150 2715 1969 5734 3974 2773 5212 
466 3150 9339 2313 3848 1911 3851 4169 4703 9211 7041 3989 
467 453 4397 8911 2565 7083 3994 3255 601 1037 7901 9933 4351 802 9023 5635 5141 3079 6044 
468 121 6257 884 349 7092 6332 8135 9054 6769 31 5146 3781 4286 
469 7614 6136 6026 9643 3280 6256 6941 8024 8983 8256 7373 8989 
470 3709 8061 6983 4455 297 5930 2137 4771 1592 4252 7264 9815 9056 4269 8794 9301 
471 4729 6899 9753 4652 7595 1151 3616 3858 5377 9177 5234 
472 2378 1555 6833 5315 6050 3507 9489 6038 942 1709 1953 328 2010 8832 
473 8114 9685 6448 7993 9107 152 9490 5654 5770 6601 7469 3330 937 7715 6785 5962 1984 
474 1181 5252 9885 525 1079 1521 1500 4505 326 6958 1997 7604 2035 3304 6428 4728 3371 
475 4854 163 512 47 8944 915 9666 195 3619 1747 7511 9219 412 4664 1429 
476 1391 1020 1039 6763 5655 7677 7353 5279 7966 2498 648 3670 7641 6269 
477 123 8949 961 8270 5127 232 5897 3171 4493 1328 9712 5037 6200 838 
478 8308 6990 7336 3273 2720 5333 3591 4222 4594 6642 6628 5748 7713 1923 238 
479 1943 4240 8855 2248 2614 6221 2129 1723 240 6209 3377 7880 7320 
480 3630 658 3056 5379 5801 4894 1124 2441 8861 2485 1480 8096 5818 8516 
481 4537 3552 805 2850 7477 3682 8843 230 3366 7832 5716 3125 
482 1936 8314 7100 779 3389 9102 5891 2382 7885 1995 2322 7669 
483 944 9030 1189 5418 9938 7806 2208 5936 5876 4402 7497 7404 4807 6404 5880 
484 7216 9669 5710 789 3452 1019 7734 5573 639 1180 8719 3149 8734 5386 7950 9697 2407 
485 5768 3901 694 9231 1802 6505 6685 6728 8315 2790 9067 569 2156 7012 
486 1314 1280 5207 1537 6698 7259 7052 5952 7954 1132 1807 2613 8644 321 
487 8244 2235 4343 4067 7961 3730 7277 6159 7514 9374 4168 
488 3352 3967 9373 1427 9448 7113 685 274 3845 1685 9392 2685 
489 563 9100 731 7712 753 1935 5066 1167 6987 8277 6333 7064 
490 1377 3121 4969 1214 2798 8238 5759 8007 1591 9653 3081 6024 9013 
491 9978 44 285 3059 5288 6329 9769 7852 2188 6809 7760 6451 2001 4948 
492 8528 8002 744 4030 8329 4582 120 6492 1639 7320 4026 8376 9926 4004 7219 4967 
493 4752 6665 56 7777 6476 5534 2877 2720 403 1817 7948 2136 7370 8210 6515 609 7751 
494 1945 9650 3042 8318 4639 5506 5785 7982 3601 3395 1689 1840 4606 574 
495 7206 2909 893 1561 5993 2811 5880 4055 7119 5613 8207 1009 1159 5249 6696 2155 
496 7025 8581 3869 2093 1366 103 4209 9143 2893 4818 3101 7681 1139 6453 5860 8387 8711 
497 3402 3987 4207 4716 329 3471 9315 1155 9547 7057 7632 1833 6482 
498 5372 4843 6170 8801 6360 5109 8819 9803 8624 3702 9571 2366 1624 9199 3050 5340 
499 2017 1129 3328 3834 8622 6117 7504 2321 319 3115 8245 4186 8753 867 6101 
