160
4 0 28 74 142 
4 1 12 173 202 
4 2 35 241 265 
4 3 14 297 305 
4 4 47 309 312 
4 5 93 342 381 
4 6 97 382 426 
4 7 17 458 477 
4 8 33 481 493 
4 9 165 39 85 
4 10 190 126 169 
4 11 141 238 257 
4 13 196 262 314 
4 15 86 323 335 
4 16 197 343 374 
4 18 252 465 470 
4 19 154 44 78 
4 20 21 280 285 
4 22 286 460 496 
4 23 326 102 134 
4 24 315 140 157 
4 25 333 167 176 
4 26 300 215 260 
4 27 369 331 368 
4 29 420 408 415 
4 30 423 417 457 
4 31 256 92 332 
4 32 441 36 54 
4 34 358 186 217 
4 37 482 411 485 
4 38 414 57 87 
4 46 421 143 168 
4 48 156 178 184 
4 52 221 253 293 
4 56 299 303 317 
4 64 306 318 338 
4 71 279 344 346 
4 73 334 354 389 
4 108 189 416 471 
4 111 322 40 76 
4 120 182 373 453 
4 155 166 124 164 
4 158 213 66 129 
4 162 492 269 437 
4 170 330 62 67 
4 175 495 88 98 
4 208 454 125 137 
4 212 463 206 209 
4 240 443 211 291 
4 266 301 296 308 
4 298 410 386 393 
4 319 329 404 478 
4 337 350 487 491 
4 352 387 153 363 
4 376 452 172 263 
4 234 264 55 117 
4 462 472 61 106 
4 65 484 51 394 
4 72 193 63 405 
4 210 261 81 237 
3 199 324 139 
3 433 434 219 
3 113 353 99 
3 159 448 278 
3 231 396 473 
3 236 249 486 
3 288 385 214 
3 430 455 439 
3 451 497 391 
3 180 445 375 
3 362 475 185 
3 218 409 371 
3 271 345 242 
3 367 422 400 
3 177 310 204 
3 328 499 247 
3 116 419 356 
3 123 459 498 
3 121 359 273 
3 90 277 91 
3 163 187 235 
3 188 412 283 
3 403 429 467 
3 200 276 60 
3 207 364 292 
3 128 392 181 
3 152 348 311 
3 138 174 407 
3 284 490 254 
3 147 365 136 
3 320 377 294 
3 360 390 203 
3 69 258 474 
3 302 399 468 
3 259 424 397 
3 112 289 192 
3 201 245 230 
3 384 449 268 
3 100 267 336 
3 119 450 104 
3 132 494 347 
3 105 149 80 
3 107 427 274 
3 109 447 282 
3 195 442 295 
3 341 444 59 
3 351 372 41 
3 70 388 251 
3 151 339 401 
3 144 233 79 
3 226 379 115 
3 325 378 95 
3 68 160 425 
3 83 431 446 
3 84 438 304 
3 89 96 307 
3 150 225 101 
3 171 198 432 
3 191 395 45 
3 194 244 50 
2 42 205 
2 43 246 
2 53 255 
2 58 287 
2 75 357 
2 82 370 
2 122 488 
2 49 127 
2 133 222 
2 145 223 
2 179 227 
2 216 248 
2 220 366 
2 239 406 
2 243 435 
2 290 456 
2 321 483 
2 349 489 
2 114 398 
2 148 413 
2 77 440 
2 118 466 
2 130 361 
2 131 461 
2 94 135 
2 103 161 
2 110 183 
2 146 228 
2 224 232 
2 229 270 
2 250 275 
2 272 281 
2 313 327 
2 316 380 
2 340 402 
2 355 436 
2 383 464 
2 418 479 
2 428 480 
2 469 476 
