1628
4 5357 5121 8148 6404 
4 421 2589 5913 6255 
4 5583 8785 3629 6584 
4 9906 7710 7529 5231 
4 1737 3987 9487 8197 
4 2094 4386 6735 8754 
4 5796 1756 2584 998 
4 6655 59 7923 7569 
4 2861 6312 7444 8873 
4 2395 5515 6632 7262 
4 7704 9612 7796 5905 
4 8452 2489 398 8407 
4 1729 820 9004 1248 
4 6459 604 7549 7064 
4 5886 8733 8189 8437 
4 4848 8603 9529 4449 
4 9354 6839 1524 5744 
4 9213 4318 4574 4100 
4 9483 6823 4233 3626 
4 3904 7108 9620 9383 
4 8479 5416 1287 6476 
4 2545 4004 5427 370 
4 3697 1396 4041 973 
4 9131 2061 847 4863 
4 3015 2155 4644 1492 
4 9247 7792 6668 7168 
4 4631 3135 9618 2843 
4 2222 5363 2687 2117 
4 5570 44 453 1561 
4 2752 8284 7100 461 
4 8775 3295 2932 8287 
4 9765 1423 1385 3273 
4 3505 6640 3715 5918 
4 4036 8004 8854 9813 
4 5616 2345 2096 6639 
4 8591 3420 1556 5090 
4 674 2935 666 2598 
4 7936 2331 5251 3825 
4 9959 4147 5001 5592 
4 4695 6756 1081 8384 
4 6762 1114 8119 6196 
4 1677 8689 5989 683 
4 7525 1388 864 9888 
4 9818 6613 948 4473 
4 8320 9128 5083 3149 
4 5526 8911 8585 7515 
4 3942 4194 5052 936 
4 4106 7369 2459 4670 
4 5211 2819 132 2246 
4 2968 3484 962 7863 
4 8777 8814 2723 752 
4 7577 8240 876 7939 
4 7819 7368 8991 3176 
4 8837 9256 3457 2196 
4 110 7290 7950 684 
4 8392 7208 7101 2212 
4 371 4808 9267 8641 
4 8636 5791 9614 714 
4 2728 2499 6240 3656 
4 281 63 4090 9019 
4 2475 9894 5651 1013 
4 7259 2064 4916 3678 
4 5602 1101 839 3024 
4 7834 1491 3765 4405 
4 2548 6170 1115 1071 
4 5048 7198 5945 7937 
4 7945 4685 2124 3795 
4 9965 4579 8152 9986 
4 1004 1233 384 3647 
4 4961 3302 7104 6677 
4 3272 2141 9295 6782 
4 5042 7927 4702 7135 
4 2070 5101 5773 4430 
4 2008 854 1164 336 
4 1734 1707 7540 7201 
4 6495 8058 2080 2558 
4 1214 4957 7409 5214 
4 5046 443 4788 7896 
4 2922 8063 3499 7825 
4 2115 8639 49 6702 
4 5653 4886 4964 6381 
4 4917 976 1146 1830 
4 7961 9307 9568 818 
4 1341 7202 5295 8612 
4 6176 4509 6107 7757 
4 3463 4983 82 5772 
4 3792 7595 3047 3607 
4 4135 5982 3096 2274 
4 7313 4874 3940 6252 
4 5713 3896 636 1353 
4 2727 9305 2964 8608 
4 8338 3566 1210 7136 
4 2228 4322 3309 887 
4 3228 8485 7305 6168 
4 3293 1851 9433 4925 
4 5310 4240 7543 8322 
4 6550 4406 1203 9129 
4 1988 6935 1671 1955 
4 8745 7551 4940 5625 
4 71 7516 7145 1812 
4 9795 8116 4141 5219 
4 9866 7 47 4131 
4 4185 9527 7579 8465 
4 3437 3114 594 1322 
4 5383 1450 7326 2259 
4 2456 8851 4637 3042 
4 9552 7359 1094 7231 
4 4167 3142 766 5006 
4 1713 4655 7583 9539 
4 4235 9 3686 532 
4 5652 1742 1934 2686 
4 5873 5494 4074 9525 
4 9690 9263 8803 2481 
4 7715 4657 8553 1050 
4 2962 4561 3072 6957 
4 3844 727 1895 4475 
4 723 7083 7447 2759 
4 4102 8387 9917 9235 
4 4847 4112 6129 62 
4 9532 8250 7088 2293 
4 3357 8736 3519 954 
4 7196 1946 213 7648 
4 4374 8332 7308 4320 
4 2982 2736 3196 9196 
4 8375 8010 859 1591 
4 7032 9063 6547 5777 
4 9946 2045 4076 4619 
4 2726 7725 2342 3337 
4 2060 8767 8193 6178 
4 5163 1724 1418 9106 
4 6882 850 2340 4402 
4 6611 5904 2652 9119 
4 3689 992 5172 4638 
4 1568 3155 1433 4490 
4 4995 4912 6558 1621 
4 2544 9966 2749 3775 
4 8644 3672 2085 9576 
4 2642 3170 8626 5729 
4 9747 586 120 7494 
4 3648 9344 7851 6534 
4 3781 5686 6038 3542 
4 3757 6913 3257 8478 
4 8601 7643 6571 8138 
4 201 7451 4139 6567 
4 8397 5931 7148 7814 
4 2828 774 3889 7545 
4 5156 403 2323 1763 
4 4550 7464 2628 4244 
4 8186 6134 2870 328 
4 2862 676 4058 3112 
4 9542 3593 4150 2308 
4 7862 3376 3475 9275 
4 9302 18 8997 8187 
4 6537 2300 4959 9559 
4 2795 6927 8865 5081 
4 9713 9151 6467 7079 
4 2814 2036 8233 8267 
4 1383 4044 8242 3869 
4 58 4390 5366 3840 
4 2213 7316 3451 8115 
4 3708 4480 7166 1711 
4 9900 5609 6171 6147 
4 8259 7703 8506 2123 
4 7445 5845 8849 446 
4 7673 9873 2305 1160 
4 9528 778 8616 9320 
4 9243 8079 2160 1049 
4 1936 1839 5540 8094 
4 2267 3526 2243 5096 
4 3842 3126 2313 8430 
4 11 8101 6050 9605 
4 3583 4837 2023 6359 
4 245 654 7267 9514 
4 8167 6123 7944 3950 
4 1552 1509 4284 2985 
4 1136 8509 7726 7953 
4 333 5359 8286 2944 
4 5324 5136 9921 8036 
4 3913 4551 6777 4902 
4 5854 6300 6580 373 
4 7385 9374 2282 8367 
4 2920 7008 6842 4498 
4 687 2535 5209 7522 
4 3745 1767 3106 3618 
4 6481 1231 1845 7466 
4 706 2674 2817 3253 
4 9784 3899 7922 6060 
4 3632 9340 65 2203 
4 5665 9856 9283 177 
4 9289 1427 8348 4690 
4 9722 8701 6985 9942 
4 6989 7026 9732 463 
4 5600 2718 7700 8026 
4 5622 593 9111 5919 
4 7756 3002 4151 4965 
4 7920 1359 8563 8047 
4 2994 3083 8721 2941 
4 8346 780 7050 1096 
4 4516 9691 2572 9649 
4 8697 6638 6582 1357 
4 1996 8834 2619 8253 
4 1817 3229 6329 9778 
4 6313 1085 1372 522 
4 7212 9366 7209 2571 
4 3485 4951 1336 8839 
4 4137 2009 9779 4582 
4 9252 745 6363 717 
4 2364 5962 103 9443 
4 3356 6602 4352 2112 
4 2802 4351 8477 251 
4 6316 6426 67 3368 
4 1861 6477 2647 8811 
4 9751 565 5909 2905 
4 709 5891 9123 9154 
4 2351 9365 6994 8199 
4 3443 7629 4259 3089 
4 7119 5793 257 1340 
4 645 6 7981 8751 
4 9124 7671 171 1202 
4 2536 5492 7330 9325 
4 1976 214 332 3379 
4 4884 6415 4357 1344 
4 1510 1787 2162 7489 
4 2095 9629 8947 3496 
4 8614 7911 9546 4134 
4 9585 1701 9806 3308 
4 4477 5593 60 8200 
4 3062 188 2957 9363 
4 4293 5239 1001 5544 
4 3214 4557 8163 9968 
4 1820 4867 9974 5149 
4 9930 9511 5330 877 
4 8501 8835 1740 4222 
4 750 6956 8003 5733 
4 6666 8923 1717 5244 
4 6914 8779 7934 1505 
4 5518 5236 7057 6297 
4 8529 1975 7391 5332 
4 5991 1800 321 8658 
4 1351 7613 9545 4977 
4 6342 2776 4727 296 
4 4711 2575 7677 3730 
4 1564 924 9166 3750 
4 8651 1364 1883 7439 
4 4696 8431 7153 4572 
4 7415 5529 1965 5758 
4 8040 7344 9962 1747 
4 4331 9426 8915 9419 
4 6188 3120 1522 8990 
4 1249 5970 2245 7210 
4 7647 4717 9550 8449 
4 791 5028 5131 7699 
4 3579 2509 4415 5488 
4 5808 1743 3473 6738 
4 8168 8056 2043 8418 
4 4161 2265 9271 5074 
4 7972 8579 6616 96 
4 9341 1714 6042 5728 
4 5683 5835 767 1061 
4 9397 7250 6627 902 
4 7824 9569 6273 55 
4 2573 6419 301 3087 
4 1673 8866 264 5720 
4 3655 8470 3830 3845 
4 1200 6144 8548 6742 
4 8607 2952 8625 3223 
4 1523 631 773 385 
4 9626 1889 3834 7524 
4 797 1636 197 4870 
4 9853 8487 1508 9797 
4 2089 6410 6309 2809 
4 3306 9572 5155 8702 
4 9566 3167 6226 4960 
4 1178 3137 2055 8659 
4 5553 8132 9048 6377 
4 3978 9250 1810 7436 
4 7567 8183 1476 5864 
4 4367 6336 7155 3905 
4 4600 5375 1948 2612 
4 7748 3673 4649 730 
4 407 6192 4079 9718 
4 5610 8671 3271 3791 
4 2486 4524 1998 9952 
4 6384 278 3870 4043 
4 1228 9689 6058 6769 
4 4200 4861 2353 6198 
4 8940 6747 9843 8707 
4 3557 3001 6028 5308 
4 875 3944 1912 3857 
4 9265 7253 3 8172 
4 9746 283 1429 5170 
4 5476 2912 7302 1483 
4 9871 9078 6662 9507 
4 85 7412 2000 8204 
4 6010 3997 432 3367 
4 7443 4532 3278 7118 
4 8297 8453 4527 4179 
4 6578 4706 1587 884 
4 8677 836 9755 263 
4 1040 7880 4607 5207 
4 1853 4469 1720 5203 
4 1140 915 7095 6483 
4 3028 7103 2927 6012 
4 8683 6981 8442 5803 
4 6110 3885 3022 8670 
4 6146 3728 7978 995 
4 5849 7696 6757 2585 
4 6320 1378 8964 1821 
4 9695 7319 464 3508 
4 513 634 7617 8929 
4 7618 4565 6370 7296 
4 1224 4883 3518 4474 
4 4617 1037 8722 4307 
4 2877 7861 3561 3736 
4 1253 3037 5197 5174 
4 6498 8932 3877 9908 
4 7603 1681 1073 9359 
4 8750 1708 3362 3248 
4 6444 7759 5785 9464 
4 3375 4871 1117 8692 
4 1526 2939 1542 7536 
4 8895 1923 2937 1116 
4 4786 1684 137 1484 
4 4439 559 1154 2627 
4 9599 8524 5902 520 
4 4038 8328 7870 1571 
4 1152 2488 6367 4521 
4 4292 5462 6296 8874 
4 4361 3511 8956 5823 
4 5278 9880 8466 8637 
4 3892 2798 9197 7823 
4 2592 5839 1833 916 
4 3853 4975 5547 3544 
4 9849 6231 3055 3107 
4 7678 6656 1261 6605 
4 5341 7041 56 17 
4 9769 9907 9961 8527 
4 7178 4668 6965 1712 
4 172 174 5705 2600 
4 9425 2566 4946 6577 
4 1361 6220 5441 5998 
4 7463 5941 5378 9984 
4 970 2185 7255 6389 
4 1726 5503 529 7238 
4 7130 7215 145 10 
4 6938 760 7363 3769 
4 846 2368 9350 3050 
4 5548 8516 3969 688 
4 9014 5250 738 8363 
4 6715 4731 297 4663 
4 5446 1570 6856 3746 
4 5151 844 5563 1765 
4 4604 7740 3516 208 
4 8931 1430 923 9168 
4 9092 2106 8714 1122 
4 451 6583 6752 5271 
4 2716 3134 9741 2165 
4 1234 5649 525 1601 
4 7218 5579 5118 6205 
4 1827 556 6364 6540 
4 2766 9597 912 1197 
4 9895 7778 9161 3104 
4 6266 7624 6133 8239 
4 5325 1487 6526 926 
4 3540 7149 139 164 
4 9121 2407 9182 6396 
4 4093 8833 9450 8081 
4 1963 7558 8673 2649 
4 4990 2295 2221 9214 
4 2007 4491 3258 5017 
4 7518 117 2484 4230 
4 8161 1648 5013 5627 
4 1589 5948 8824 3674 
4 5007 8059 2804 211 
4 6451 9594 7499 8044 
4 9390 7839 5574 5899 
4 9246 4627 7152 6149 
4 6052 2309 8198 628 
4 7692 5875 5056 3691 
4 8650 8293 7346 642 
4 2879 480 2555 7983 
4 2848 1010 8617 7204 
4 4126 2127 8247 3276 
4 9135 6680 87 2590 
4 7318 6623 2836 6102 
4 3029 3932 656 2811 
4 6721 2125 6157 3828 
4 9490 1825 7278 9588 
4 9719 7752 8609 7151 
4 1015 5879 8653 289 
4 6645 8305 6215 7954 
4 3608 1847 6731 2872 
4 3973 9580 8606 9776 
4 900 1876 9471 597 
4 4555 206 3239 2516 
4 1735 178 4859 6256 
4 9414 6193 9286 1943 
4 1866 5487 1620 3677 
4 6036 5513 9852 1464 
4 3480 3692 7375 1856 
4 4650 8652 931 1393 
4 28 5824 6703 590 
4 2538 8578 9499 4170 
4 4671 2226 8134 6350 
4 1159 6685 1056 9382 
4 1311 3891 9276 3808 
4 2697 1632 6531 834 
4 4522 3132 4496 2999 
4 4573 7764 1129 8258 
4 1819 8434 4792 5061 
4 5815 3092 6152 1205 
4 3527 7888 5559 1260 
4 5058 5981 6443 151 
4 307 6984 1994 124 
4 6111 2732 1874 9407 
4 8537 6206 8468 53 
4 6741 5094 7875 3895 
4 8342 9238 1718 7475 
4 1877 6053 7105 8684 
4 4054 4933 9637 7542 
4 9799 4997 8967 3573 
4 7734 9241 290 1888 
4 236 589 4725 142 
4 6228 2705 9165 4611 
4 1562 1642 2190 7777 
4 4857 4055 2428 3980 
4 9748 4814 7413 7884 
4 2091 7512 4442 4865 
4 1884 5371 4661 9730 
4 9675 9714 7610 4692 
4 1704 5418 6676 3297 
4 9326 4091 4636 4774 
4 6306 6628 7993 9761 
4 4592 5710 8907 9602 
4 9530 8032 7361 6651 
4 253 7219 6932 2765 
4 7659 2241 1445 4703 
4 9864 2490 7286 5644 
4 9376 6155 6849 4989 
4 8035 7406 4875 1837 
4 2020 3924 2854 5044 
4 1282 3912 4716 4066 
4 6557 735 362 4363 
4 3558 5235 4381 6827 
4 648 5794 7090 9523 
4 5517 7662 4926 5035 
4 8176 6326 9896 9976 
4 540 4187 2565 1440 
4 3945 3654 7526 3802 
4 8123 4506 3839 6365 
4 2887 5671 9016 7003 
4 7841 2461 5020 4656 
4 4904 3553 7594 1595 
4 2254 1023 4771 3531 
4 898 7074 4410 7382 
4 8423 6794 8241 9650 
4 2806 4064 4089 6976 
4 6733 7733 1598 6380 
4 534 3498 358 5530 
4 9922 3567 1406 8333 
4 5916 4773 1467 1339 
4 6289 2457 2081 4559 
4 6366 5389 1723 1332 
4 2400 7037 2006 5355 
4 6673 3422 6436 7356 
4 5474 5205 7432 7683 
4 9453 2320 6800 6076 
4 9220 4412 1533 404 
4 7374 8597 1471 2375 
4 3760 4879 147 210 
4 9368 8861 9988 3906 
4 6988 7914 2783 5898 
4 9848 5336 8432 2907 
4 9456 4495 6857 489 
4 960 33 1584 8019 
4 1422 8938 1609 9879 
4 689 3718 4720 6490 
4 5457 8376 8715 5489 
4 6361 5178 4375 146 
4 622 8889 7821 4639 
4 6778 6514 9468 6528 
4 4478 7768 7534 4011 
4 3323 8153 7426 2389 
4 5633 9043 3145 5086 
4 909 7943 5551 7818 
4 2462 4766 8648 7419 
4 7785 8894 5856 7249 
4 2381 3704 8043 2401 
4 5869 3617 8898 2874 
4 9361 7230 6784 7530 
4 8150 9561 3244 9684 
4 4452 7310 1021 9726 
4 9192 3882 9703 9072 
4 737 2398 396 8845 
4 7592 7175 6016 2260 
4 3582 6340 1922 2129 
4 3914 3595 3983 6208 
4 1529 8823 9631 1930 
4 6870 150 7917 4953 
4 8299 5901 3559 6585 
4 4026 5776 3299 635 
4 3352 4057 5920 3966 
4 5467 1512 3153 7990 
4 8954 198 8325 1952 
4 3371 9971 6202 8425 
4 8679 5255 9122 5461 
4 835 9143 5085 9222 
4 7013 39 5380 8746 
4 5832 5522 3749 7116 
4 5865 2191 1090 6466 
4 7454 6834 9429 8712 
4 4823 4202 4907 9221 
4 1886 3985 804 7956 
4 7966 5531 3075 9549 
4 4467 9667 512 3188 
4 7770 359 9802 5556 
4 5724 947 32 8238 
4 8682 6649 7010 9734 
4 7596 3339 7480 5615 
4 9062 1822 711 9606 
4 1507 4124 9183 2134 
4 3129 9091 7689 6724 
4 3136 4887 1761 6184 
4 3564 3011 7220 7221 
4 4704 678 5908 3811 
4 2924 1347 149 6421 
4 9828 45 7809 3428 
4 5896 4016 4640 2148 
4 2277 6700 8276 6873 
4 300 1256 9173 3322 
4 8519 9868 6243 2707 
4 2343 7731 6574 6705 
4 5756 7970 7876 1382 
4 7186 4208 1100 4514 
4 2167 5566 313 3641 
4 6811 8196 0 2024 
4 8263 9096 6446 5451 
4 5047 7964 6264 849 
4 170 5584 2198 2278 
4 4465 6160 5164 8264 
4 8632 6637 471 5939 
4 8562 3121 3020 9573 
4 3991 6203 2467 611 
4 3724 6248 6903 6681 
4 3694 2672 8517 4708 
4 1908 7984 8908 8752 
4 5166 6553 2495 4335 
4 9459 8027 1047 6015 
4 5277 5954 8133 2983 
4 6659 9978 1157 6596 
4 9752 9996 9987 9891 
4 6942 4659 7386 6726 
4 6522 5657 1174 7975 
4 4949 9299 1044 6648 
4 1199 9583 5947 5860 
4 7424 2875 5040 9328 
4 1179 9068 5240 1569 
4 1181 7425 4992 4215 
4 2367 3681 2337 6017 
4 4340 9210 3412 708 
4 8711 1593 5721 5449 
4 3818 8801 4511 1411 
4 9038 9633 3127 7727 
4 3226 7384 433 1106 
4 5362 562 9836 3517 
4 6112 3203 5173 7509 
4 5763 7521 4790 5836 
4 541 6022 1840 514 
4 8222 8143 9721 5813 
4 2062 1616 3894 4286 
4 2506 6478 4456 2702 
4 6719 1381 5536 1668 
4 8160 8210 825 6246 
4 3563 8413 355 4206 
4 4419 7500 204 2025 
4 3031 2601 5157 8696 
4 8863 2296 4052 8202 
4 9486 7555 8336 968 
4 8864 5496 6492 5730 
4 8828 8810 1400 889 
4 8139 2120 4359 3105 
4 8667 6351 4958 6713 
4 1768 7877 608 3330 
4 1751 1535 5872 9920 
4 5198 8031 7751 9935 
3 1012 465 2159 
3 8977 2954 4742 
3 3596 6280 6275 
3 8006 4092 2329 
3 6051 8876 4188 
3 6864 6263 2033 
3 70 2437 9269 
3 1409 8919 2578 
3 9418 3004 7633 
3 9995 4943 4228 
3 919 3809 5368 
3 530 9198 1321 
3 234 6960 1843 
3 955 4801 4858 
3 3657 3972 240 
3 3235 4000 2746 
3 9187 1062 6576 
3 1640 131 8215 
3 5082 8089 9519 
3 270 3311 3926 
3 7397 7729 456 
3 9600 8454 9716 
3 9768 431 7614 
3 5751 5606 430 
3 7924 2661 8137 
3 3939 4046 2193 
3 9028 620 5208 
3 6964 500 6698 
3 9767 6008 7995 
3 978 9332 9699 
3 9201 2949 97 
3 6097 1750 2786 
3 2604 1330 372 
3 2762 1939 9584 
3 9446 1980 6003 
3 6890 1259 1036 
3 7170 439 5986 
3 4534 673 5191 
3 9656 6761 6161 
3 4796 1744 9431 
3 8447 8401 2977 
3 9086 2632 7663 
3 4301 9538 2072 
3 136 2772 2694 
3 3956 2514 3212 
3 6835 1519 9944 
3 5482 2102 6565 
3 3590 7407 1475 
3 9398 8822 6844 
3 4221 885 4798 
3 5245 4942 1796 
3 2713 6824 7991 
3 7457 6352 1318 
3 4104 8383 2595 
3 8252 3280 2074 
3 8180 3370 9413 
3 8435 24 1961 
3 8326 183 1649 
3 6137 6121 7881 
3 956 2399 8037 
3 8568 1694 4502 
3 5752 1279 9855 
3 7800 4777 6887 
3 4387 5666 6450 
3 37 6463 86 
3 9083 3344 3793 
3 8859 6809 7674 
3 4635 5994 7471 
3 5732 6197 4238 
3 9075 2207 6302 
3 7895 2953 2881 
3 3060 2297 3822 
3 457 4839 9036 
3 1983 7586 7320 
3 4783 1546 8815 
3 7461 7554 8314 
3 6959 1538 6972 
3 2891 602 9009 
3 458 3543 1755 
3 3364 5168 7724 
3 4358 4248 7812 
3 4595 8900 7362 
3 7410 756 7357 
3 6963 487 3951 
3 9047 9137 9094 
3 4400 4596 4116 
3 5897 9035 8353 
3 3052 4399 2210 
3 2903 8930 8766 
3 2608 7387 6915 
3 6311 5024 335 
3 2596 7206 392 
3 3141 4434 6471 
3 8093 7094 9215 
3 2149 4504 462 
3 2144 3875 6332 
3 4339 2785 9114 
3 9578 6353 3021 
3 9564 2741 2610 
3 801 3347 2956 
3 1371 1536 5066 
3 2028 6127 7850 
3 8486 221 6506 
3 9838 5628 4994 
3 1688 3651 6818 
3 9659 40 4069 
3 2859 7078 1161 
3 1678 2837 6448 
3 7602 7889 6175 
3 6925 6148 5233 
3 3789 9709 1453 
3 4736 3887 4877 
3 9820 2059 31 
3 2412 802 8663 
3 2892 5181 2469 
3 168 5125 4688 
3 4982 6232 725 
3 1426 7557 9651 
3 8543 739 8028 
3 1009 840 2683 
3 8438 842 4291 
3 6229 6944 1778 
3 502 7632 2307 
3 7959 4097 6328 
3 9993 7694 5106 
3 7859 9540 78 
3 8737 9595 3318 
3 5128 8426 8022 
3 2685 9394 639 
3 6725 152 2169 
3 1959 511 1220 
3 9015 4549 615 
3 343 8576 9678 
3 3012 4488 402 
3 3841 325 644 
3 6699 2101 7395 
3 7960 1869 2950 
3 5817 229 4567 
3 9223 5631 1043 
3 393 4689 4787 
3 5558 613 7971 
3 9489 5719 7423 
3 6473 8950 6034 
3 8804 5959 848 
3 7742 5882 5676 
3 2388 5422 34 
3 9227 4031 68 
3 5190 7803 4099 
3 793 8643 8097 
3 8256 7994 3679 
3 1165 1979 1807 
3 2242 7314 3903 
3 4855 4880 6746 
3 6952 9957 1377 
3 2472 3555 3123 
3 7532 6315 726 
3 3743 1080 7631 
3 8903 953 5881 
3 4826 3515 252 
3 3698 7581 4969 
3 7697 640 13 
3 1167 9887 20 
3 4723 5731 5850 
3 413 1892 7132 
3 5443 6005 467 
3 7430 2137 4811 
3 9892 6225 76 
3 6452 1270 6922 
3 579 8398 2215 
3 305 8629 2669 
3 153 2164 5212 
3 1590 3396 1502 
3 477 8571 7176 
3 5951 4298 860 
3 9475 2002 7666 
3 9274 4047 6357 
3 6674 3665 5950 
3 2304 3509 6095 
3 4078 4750 9280 
3 3621 4173 5863 
3 346 6046 7826 
3 740 6563 4451 
3 4267 7496 6479 
3 6189 2929 649 
3 6291 193 1369 
3 2432 2019 7713 
3 57 5161 5829 
3 4279 4245 395 
3 414 3581 3246 
3 2527 8212 5146 
3 2629 9337 1549 
3 3233 4246 4922 
3 2358 4554 7036 
3 293 2898 4155 
3 1953 7906 2232 
3 9524 7951 1586 
3 4679 3761 8986 
3 8821 2799 8456 
3 9065 7804 5346 
3 3449 6210 1276 
3 83 937 949 
3 7024 3146 9830 
3 5026 6544 1416 
3 4662 6740 3161 
3 3902 568 2751 
3 7252 6244 4030 
3 4249 5895 3261 
3 7565 9526 1194 
3 8206 3482 9234 
3 6104 2531 3838 
3 1286 3504 1504 
3 7194 2533 2824 
3 4747 2634 554 
3 1084 4311 4314 
3 9157 9313 3748 
3 1650 16 9543 
3 868 3806 5714 
3 4653 3773 6630 
3 7197 6270 2529 
3 4537 1793 1516 
3 23 8675 7813 
3 5387 7743 7653 
3 8229 9105 3431 
3 2668 444 9294 
3 3263 5200 9496 
3 4856 2047 982 
3 8498 4767 9810 
3 7236 9333 1532 
3 4176 7490 7963 
3 3930 8440 1118 
3 8965 5672 9635 
3 3911 4501 1527 
3 3174 4328 1250 
3 6664 3332 9458 
3 8277 5401 4398 
3 1514 2303 1032 
3 6258 9692 9488 
3 7018 6294 6612 
3 4914 1986 7150 
3 6245 9551 4001 
3 2442 4578 1452 
3 1031 6920 3316 
3 5237 6828 8201 
3 675 9680 8642 
3 4623 1891 1296 
3 4892 8355 6693 
3 8952 1201 4841 
3 7559 3824 6569 
3 9958 5980 5199 
3 1606 2143 2712 
3 6744 6430 6822 
3 5373 3125 9085 
3 1027 6852 5059 
3 8654 4713 6962 
3 2264 8179 8289 
3 2422 8727 3513 
3 6494 9711 3880 
3 5175 4935 9251 
3 9260 1618 5834 
3 2671 225 3407 
3 8729 4898 4164 
3 6510 499 6093 
3 9022 365 7761 
3 8067 5043 8918 
3 4144 7622 3099 
3 4605 9858 9002 
3 5641 8177 3747 
3 858 9149 4775 
3 4447 459 5769 
3 4095 4407 2328 
3 9655 7418 8981 
3 8808 7957 3147 
3 8593 5097 9272 
3 5400 7237 3570 
3 115 8235 7828 
3 30 8897 1806 
3 6604 9624 6130 
3 6118 4562 1058 
3 9611 123 7849 
3 185 1951 2402 
3 2335 9985 1898 
3 6846 3274 8567 
3 3547 9181 7600 
3 6600 8382 4482 
3 7721 6851 3355 
3 4558 6398 6766 
3 8108 94 8756 
3 1865 7048 5098 
3 2946 6727 5471 
3 8978 6323 6002 
3 576 2235 1110 
3 6126 5831 4156 
3 1669 1978 8472 
3 9073 7190 2570 
3 6590 9927 4197 
3 7273 2220 4325 
3 1132 8806 5077 
3 4840 2466 7127 
3 4546 6669 8393 
3 7868 7315 6078 
3 4694 8388 6993 
3 7247 2240 2046 
3 2205 7616 7899 
3 9771 6472 8753 
3 6899 8340 7665 
3 6090 5019 6223 
3 7085 7329 8572 
3 1639 2333 5812 
3 5442 5041 6304 
3 896 1754 9613 
3 4489 4804 473 
3 6524 8734 1288 
3 9338 5505 2591 
3 3587 3078 9859 
3 1835 3883 8129 
3 6711 2582 5944 
3 3615 7634 8372 
3 7805 9745 160 
3 7693 6774 3506 
3 8640 2911 7460 
3 516 2294 2105 
3 4564 1774 1848 
3 2216 5323 1271 
3 899 22 101 
3 1266 3324 5621 
3 2730 5460 6697 
3 5140 1137 3265 
3 6356 3664 3878 
3 143 3884 5189 
3 1849 9013 6560 
3 6990 6671 1212 
3 1313 7815 9003 
3 4172 2549 2234 
3 5702 8573 419 
3 9603 9877 9948 
3 6739 5613 9134 
3 5800 1192 7275 
3 6803 5276 2754 
3 3933 4746 7123 
3 2136 1653 8996 
3 2199 3281 4308 
3 3038 8994 4312 
3 7121 8021 7491 
3 1086 6581 2793 
3 3439 2237 4217 
3 9744 5268 417 
3 558 8773 4255 
3 9679 5171 2390 
3 2453 3578 2781 
3 7931 7686 3402 
3 1699 6063 9029 
3 906 5397 3849 
3 3097 6064 5134 
3 753 9261 2268 
3 550 6035 6023 
3 8716 4394 5903 
3 9230 5523 9194 
3 9008 6595 1488 
3 796 8084 1656 
3 4818 1127 2417 
3 1461 4918 3873 
3 5426 4599 5234 
3 2289 4136 8411 
3 6831 7510 2852 
3 6414 5598 9844 
3 1480 381 2621 
3 6636 9901 7233 
3 4196 9759 2444 
3 2016 3782 7400 
3 6096 159 5246 
3 1170 7117 219 
3 3131 3888 2406 
3 472 6261 5253 
3 8166 828 6520 
3 7786 1172 8759 
3 1093 2775 3817 
3 8789 4678 3491 
3 1624 6132 1783 
3 8316 4613 8464 
3 8049 2951 5770 
3 8793 4630 845 
3 3262 6432 2731 
3 1665 3300 7788 
3 1814 3442 1404 
3 5736 133 4094 
3 6529 1985 1867 
3 3381 2334 279 
3 3965 8618 4910 
3 893 3334 8539 
3 7309 1627 7684 
3 6953 217 3783 
3 8633 8987 7903 
3 6227 2068 7969 
3 6373 5313 6180 
3 6517 9534 5391 
3 5966 1781 218 
3 4088 2750 3721 
3 8165 9502 3744 
3 5972 2065 7925 
3 1221 5586 5917 
3 4487 2711 3401 
3 4932 9575 7501 
3 9535 2281 5577 
3 2554 3312 2987 
3 5398 1836 610 
3 1208 4479 4894 
3 3584 1801 3539 
3 4193 651 5104 
3 1184 6417 3862 
3 5132 1646 8665 
3 9660 1899 7110 
3 6812 401 5370 
3 1904 9200 5064 
3 7675 7898 7388 
3 6586 7980 990 
3 7371 2722 3445 
3 669 3927 89 
3 2947 5481 2464 
3 3411 5599 7502 
3 545 8694 3929 
3 9882 4544 4538 
3 9770 8638 4428 
3 1716 934 3216 
3 2376 4529 3124 
3 5594 3076 9754 
3 3947 7672 2184 
3 7289 4981 1638 
3 9941 3085 3521 
3 1292 9846 8934 
3 2326 7695 9156 
3 7065 6405 8842 
3 163 2087 5345 
3 8584 4628 1683 
3 8525 6770 249 
3 1928 9356 7664 
3 9209 8268 4669 
3 3807 8015 292 
3 7907 7902 3017 
3 7043 1935 2560 
3 2173 6259 771 
3 144 1299 977 
3 1130 757 2990 
3 5511 3424 827 
3 7177 1469 5122 
3 3580 207 2057 
3 8732 4163 2835 
3 2050 6805 2480 
3 6409 6958 304 
3 6973 6497 894 
3 6307 1138 1870 
3 9140 7608 930 
3 4833 9089 3115 
3 2567 6068 7744 
3 1120 9670 7096 
3 2022 7274 157 
3 2463 8776 8273 
3 5429 7223 7962 
3 241 6331 288 
3 8709 7134 2011 
3 3313 4646 3941 
3 7014 4882 1209 
3 4149 618 4842 
3 199 8853 9860 
3 9785 691 7553 
3 4553 3610 4392 
3 316 356 7640 
3 1331 8409 8068 
3 5804 5192 6301 
3 9491 4337 2564 
3 643 2227 287 
3 9152 7878 7163 
3 3541 8886 5514 
3 7642 6425 7544 
3 9179 6897 8298 
3 9225 3186 6541 
3 4948 728 3178 
3 5725 3893 865 
3 3353 8502 5254 
3 7216 4714 6904 
3 2179 2805 5329 
3 9406 819 1958 
3 9863 4789 9100 
3 1574 3006 4468 
3 2418 6387 9367 
3 108 1841 8870 
3 9647 5663 6213 
3 7229 1277 9710 
3 4226 7546 616 
3 3753 4355 8645 
3 1652 5718 862 
3 5578 5060 1227 
3 5550 7019 7795 
3 5206 6513 5182 
3 8534 2288 9232 
3 1971 4634 784 
3 7298 5424 8740 
3 6087 5952 2563 
3 6796 3798 8141 
3 4598 3438 3425 
3 9885 9172 2841 
3 7087 5825 5848 
3 9329 1495 9617 
3 9870 5612 4143 
3 867 5658 7948 
3 425 5534 2163 
3 6814 8941 2239 
3 186 6629 3536 
3 1809 8310 348 
3 5741 9553 3209 
3 733 347 378 
3 4508 5771 1563 
3 5958 9582 800 
3 9423 1479 1661 
3 3208 9590 5573 
3 3812 2577 6620 
3 4791 3712 4693 
3 5611 8564 1376 
3 1615 2344 2318 
3 7349 2689 2435 
3 769 9570 226 
3 7091 7556 8771 
3 9158 5510 6484 
3 1700 2201 1685 
3 8103 789 7799 
3 8321 9314 189 
3 3917 4726 7365 
3 128 4403 9346 
3 1099 4906 7441 
3 9862 4986 9876 
3 383 6748 7333 
3 6253 8309 4290 
3 4518 719 2152 
3 9555 6125 7434 
3 1403 415 349 
3 9205 4211 2012 
3 1494 1949 9819 
3 4939 1131 8347 
3 7835 2470 1788 
3 958 7140 6701 
2 8064 5183 
2 8493 8086 
2 5294 7541 
2 3213 7580 
2 4709 7060 
2 2586 441 
2 6917 6692 
2 7758 1909 
2 1196 5316 
2 7459 7946 
2 5409 9954 
2 2451 1235 
2 633 6279 
2 291 203 
2 6456 2878 
2 8960 8379 
2 1188 2550 
2 1993 1119 
2 863 9323 
2 1180 1284 
2 8080 4996 
2 1868 3949 
2 3784 3859 
2 703 1799 
2 3860 9737 
2 1230 2356 
2 5343 361 
2 1679 2382 
2 831 5148 
2 8282 6457 
2 5379 8686 
2 3327 8875 
2 9372 280 
2 4 1732 
2 1818 3247 
2 1611 1323 
2 2035 405 
2 509 1105 
2 2498 4621 
2 2483 9999 
2 2384 5694 
2 3821 1335 
2 935 5779 
2 5410 782 
2 6843 7965 
2 7479 7507 
2 7669 693 
2 7807 8406 
2 8412 388 
2 8726 268 
2 5699 8970 
2 8985 9102 
2 4254 4675 
2 9663 1074 
2 3787 6085 
2 7753 4633 
2 5051 6233 
2 3394 4632 
2 9807 6407 
2 1111 4664 
2 4330 922 
2 8955 200 
2 4344 8410 
2 227 2378 
2 7307 2789 
2 5833 1133 
2 7251 2324 
2 4734 4950 
2 1135 1046 
2 258 2579 
2 8784 9701 
2 8791 9742 
2 1987 662 
2 983 7791 
2 7667 5977 
2 8523 2405 
2 9604 3292 
2 3639 4107 
2 9724 2086 
2 5356 4461 
2 9636 3389 
2 3386 2942 
2 5844 1029 
2 376 6635 
2 1553 6500 
2 2386 8461 
2 6983 2373 
2 318 811 
2 4979 2541 
2 3922 2311 
2 7092 9533 
2 9557 342 
2 2508 741 
2 3827 8164 
2 6158 2030 
2 9148 7322 
2 9632 7399 
2 2410 9186 
2 4371 9162 
2 3385 173 
2 8374 5005 
2 5327 8602 
2 8491 9644 
2 3199 491 
2 2676 794 
2 6434 2715 
2 9717 6371 
2 5177 4425 
2 8731 9342 
2 5266 7627 
2 7706 4220 
2 4369 5413 
2 1534 3866 
2 7820 621 
2 1918 3756 
2 6420 6254 
2 8872 1992 
2 3819 2825 
2 8136 5885 
2 872 5187 
2 9773 6242 
2 8725 4810 
2 2883 7992 
2 7340 409 
2 6647 3008 
2 4273 1439 
2 917 9977 
2 1045 821 
2 5399 4435 
2 148 1554 
2 1329 1206 
2 9282 3935 
2 8857 9609 
2 3267 5073 
2 5643 5210 
2 3799 7832 
2 7228 1897 
2 984 6678 
2 7636 1415 
2 3794 1063 
2 5957 7712 
2 1705 2934 
2 4651 7069 
2 3225 2747 
2 195 1969 
2 4323 4978 
2 69 4260 
2 5045 3466 
2 2166 8879 
2 2884 3620 
2 901 6499 
2 7243 5883 
2 3144 4032 
2 2803 435 
2 7093 9159 
2 1610 5979 
2 3474 8758 
2 4356 312 
2 8613 437 
2 9327 7393 
2 652 7033 
2 6234 6174 
2 4214 4237 
2 7165 7547 
2 8728 483 
2 2427 2873 
2 7276 6480 
2 3227 5265 
2 605 5470 
2 2172 508 
2 5167 4807 
2 1731 3058 
2 7736 7938 
2 7264 5840 
2 2503 5361 
2 9362 4535 
2 5853 4103 
2 7408 9963 
2 5350 4758 
2 3636 7915 
2 8770 6841 
2 7793 7416 
2 2330 2500 
2 4822 987 
2 8507 6654 
2 7097 6675 
2 6077 9787 
2 5745 5340 
2 2425 7588 
2 7172 179 
2 9070 4860 
2 4224 8780 
2 8535 8778 
2 9011 9822 
2 8142 9775 
2 1654 5508 
2 194 4372 
2 8395 2996 
2 8570 6901 
2 1305 596 
2 3984 6853 
2 9380 7639 
2 2769 3530 
2 2170 2206 
2 8877 2556 
2 3476 7427 
2 3879 1142 
2 4577 111 
2 9749 8786 
2 4891 4890 
2 8117 192 
2 3082 8144 
2 118 7059 
2 184 209 
2 6187 4972 
2 8311 4732 
2 7789 9415 
2 303 9218 
2 5279 8038 
2 8405 3044 
2 7883 4376 
2 5067 7561 
2 2520 729 
2 9264 3189 
2 8224 7086 
2 7856 8114 
2 482 5557 
2 478 3777 
2 5107 4175 
2 4285 9571 
2 7942 8417 
2 8975 1728 
2 8961 9421 
2 6128 9931 
2 1614 8361 
2 7578 6141 
2 1831 7098 
2 2512 1517 
2 2771 6614 
2 3716 5696 
2 1695 3727 
2 1485 8244 
2 1972 3493 
2 2808 8135 
2 908 7741 
2 4724 9556 
2 121 8061 
2 6156 6308 
2 8272 2974 
2 5906 7590 
2 5747 4523 
2 230 274 
2 2485 2812 
2 5993 7075 
2 4952 5983 
2 9436 3717 
2 6411 6902 
2 8530 7847 
2 4470 8462 
2 7045 7606 
2 156 9031 
2 2098 1350 
2 6937 8075 
2 6177 6720 
2 781 9793 
2 6833 7483 
2 6682 2039 
2 5483 3685 
2 4899 4699 
2 1496 8009 
2 8002 7187 
2 5504 7077 
2 4232 6559 
2 1625 833 
2 8561 4098 
2 6545 2110 
2 5304 8880 
2 4333 4845 
2 8797 5727 
2 5213 8110 
2 61 7864 
2 7730 1749 
2 9736 507 
2 574 2271 
2 8542 2272 
2 5533 1283 
2 8045 424 
2 6607 8011 
2 5617 2827 
2 2602 8698 
2 9126 311 
2 3635 8220 
2 2532 1937 
2 6428 1177 
2 256 6265 
2 8500 5870 
2 7017 6429 
2 1226 4063 
2 8556 5158 
2 2657 4876 
2 1753 5783 
2 6026 7248 
2 9301 4297 
2 2447 4588 
2 1326 2231 
2 5262 428 
2 1804 682 
2 9457 3108 
2 8159 8494 
2 7404 6971 
2 1917 2298 
2 3690 1501 
2 1696 4980 
2 5377 3307 
2 4913 866 
2 1171 7337 
2 5260 8868 
2 1984 7533 
2 81 7550 
2 9357 7068 
2 1513 3059 
2 4966 8635 
2 4427 5938 
2 5023 3053 
2 4440 5382 
2 3023 1006 
2 9686 1634 
2 795 9498 
2 8473 6539 
2 7682 8441 
2 7292 7030 
2 538 2252 
2 7830 6293 
2 9932 4262 
2 7022 903 
2 8190 3268 
2 803 959 
2 1166 3993 
2 4305 8924 
2 1622 1789 
2 7711 9296 
2 1703 3469 
2 7833 6075 
2 6551 7367 
2 9007 7138 
2 6998 9521 
2 9910 5907 
2 5480 7139 
2 406 5754 
2 5008 8850 
2 7929 6098 
2 6257 8555 
2 1762 6237 
2 2900 182 
2 3205 6021 
2 8592 9823 
2 2673 7514 
2 6617 5910 
2 2583 3361 
2 3266 7584 
2 3846 5632 
2 7453 4591 
2 8968 2393 
2 2357 2310 
2 1275 4770 
2 1307 5585 
2 3534 5472 
2 7067 1932 
2 6412 7688 
2 3286 4830 
2 7523 6859 
2 9548 3154 
2 9044 4851 
2 4893 4453 
2 6533 4283 
2 3416 6393 
2 7281 4019 
2 5010 3963 
2 3705 4843 
2 5926 1149 
2 658 2138 
2 603 668 
2 9698 2645 
2 4048 7129 
2 9577 6519 
2 6848 5693 
2 4923 3854 
2 4060 5900 
2 6799 1191 
2 1824 5281 
2 9042 4793 
2 7102 2664 
2 9189 921 
2 7658 275 
2 3803 6454 
2 1612 9411 
2 3611 341 
2 4236 7985 
2 3169 9297 
2 6040 7574 
2 5430 2385 
2 1190 3810 
2 8001 6961 
2 4571 3382 
2 3591 1878 
2 2546 1770 
2 452 9861 
2 25 9914 
2 6643 9311 
2 2961 8541 
2 2026 698 
2 8085 5640 
2 3994 4911 
2 2899 7071 
2 2928 5100 
2 7000 224 
2 6222 5838 
2 6862 3696 
2 6195 6185 
2 319 6592 
2 9554 1302 
2 6334 972 
2 526 7890 
2 8000 3619 
2 7782 5809 
2 2709 8554 
2 5828 4009 
2 6119 2280 
2 746 3454 
2 2656 2153 
2 5538 9204 
2 3719 468 
2 1775 8334 
2 8231 6031 
2 9101 3990 
2 6509 54 
2 27 238 
2 9229 4691 
2 9270 6290 
2 659 886 
2 9059 3523 
2 582 7852 
2 6923 9146 
2 2662 9972 
2 5549 7261 
2 6772 412 
2 6199 1134 
2 1667 6283 
2 999 8118 
2 180 8109 
2 9933 4821 
2 4209 1873 
2 6391 3413 
2 7488 9024 
2 1777 8034 
2 9825 6491 
2 9720 5635 
2 7011 7504 
2 2980 4525 
2 2525 5386 
2 2038 3156 
2 6850 3754 
2 6516 4556 
2 1316 8318 
2 4705 9150 
2 6163 4987 
2 5778 8546 
2 4252 4034 
2 422 3645 
2 4132 5859 
2 5949 5697 
2 8344 1308 
2 4174 1880 
2 5257 2154 
2 8757 3383 
2 9400 2010 
2 1237 7222 
2 5227 8508 
2 4581 5014 
2 9336 6792 
2 4520 573 
2 379 1725 
2 1087 3843 
2 8098 2758 
2 5029 7882 
2 6631 911 
2 4438 5406 
2 3340 5153 
2 5820 1964 
2 7822 5527 
2 5466 2733 
2 154 9321 
2 1401 2706 
2 1664 583 
2 7183 5342 
2 360 533 
2 5108 4976 
2 7042 4062 
2 2858 986 
2 3628 3788 
2 5619 1374 
2 9929 5049 
2 9164 7921 
2 3201 9833 
